2020-03-16 17:56:22: Listening on http://localhost:3000
2020-03-16 17:56:40:   <-- GET /api/user/loginTest
2020-03-16 17:56:40:   --> GET /api/user/loginTest 200 6ms 35b
2020-03-16 17:56:40:   <-- GET /api/blog/list?author=admin
2020-03-16 17:56:40:   --> GET /api/blog/list?author=admin 200 6ms 2.53kb
2020-03-16 17:56:43:   <-- GET /api/blog/detail?id=18
2020-03-16 17:56:43:   --> GET /api/blog/detail?id=18 200 1ms 2.05kb
2020-03-16 17:56:44:   <-- GET /api/blog/list?author=admin
2020-03-16 17:56:44:   --> GET /api/blog/list?author=admin 200 2ms 2.53kb
2020-03-16 17:56:45:   <-- GET /api/blog/detail?id=19
2020-03-16 17:56:45:   --> GET /api/blog/detail?id=19 200 1ms 182b
2020-03-16 17:56:46:   <-- GET /api/blog/list?author=admin
2020-03-16 17:56:46:   --> GET /api/blog/list?author=admin 200 2ms 2.53kb
2020-03-16 17:56:48:   <-- GET /api/blog/detail?id=32
2020-03-16 17:56:48:   --> GET /api/blog/detail?id=32 200 1ms 346b
2020-03-16 17:56:50:   <-- GET /api/blog/list?author=admin
2020-03-16 17:56:50:   --> GET /api/blog/list?author=admin 200 2ms 2.53kb
2020-03-16 17:58:17:   <-- POST /api/blog/new
2020-03-16 17:58:17:   --> POST /api/blog/new 200 3ms 30b
2020-03-16 17:58:17:   <-- GET /api/blog/list?author=admin
2020-03-16 17:58:17:   --> GET /api/blog/list?author=admin 200 1ms 2.73kb
2020-03-16 17:58:21:   <-- GET /api/blog/detail?id=32
2020-03-16 17:58:21:   --> GET /api/blog/detail?id=32 200 1ms 346b
2020-03-16 17:58:22:   <-- POST /api/blog/del
2020-03-16 17:58:22:   --> POST /api/blog/del 200 1ms 38b
2020-03-16 17:58:23:   <-- GET /api/blog/list?author=admin
2020-03-16 17:58:23:   --> GET /api/blog/list?author=admin 200 5ms 2.41kb
2020-03-16 17:58:27:   <-- GET /api/blog/detail?id=18
2020-03-16 17:58:27:   --> GET /api/blog/detail?id=18 200 0ms 2.05kb
2020-03-16 17:58:29:   <-- GET /api/blog/list?author=admin
2020-03-16 17:58:29:   --> GET /api/blog/list?author=admin 200 3ms 2.41kb
2020-03-16 17:58:33:   <-- GET /api/blog/detail?id=33
2020-03-16 17:58:33:   --> GET /api/blog/detail?id=33 200 1ms 223b
2020-03-16 17:58:43:   <-- GET /api/blog/list?author=admin
2020-03-16 17:58:43:   --> GET /api/blog/list?author=admin 200 1ms 2.41kb
2020-03-16 17:58:51:   <-- GET /api/blog/detail?id=19
2020-03-16 17:58:51:   --> GET /api/blog/detail?id=19 200 1ms 182b
2020-03-16 17:58:52:   <-- GET /api/blog/list?author=admin
2020-03-16 17:58:52:   --> GET /api/blog/list?author=admin 200 1ms 2.41kb
